app/build/intermediates/manifest_merge_blame_file/debug/manifest-merger-blame-debug-report.txt
1<?xml version="1.0" encoding="utf-8"?>
2<manifest xmlns:android="http://schemas.android.com/apk/res/android"
3    package="com.android.UniPlugin"
4    android:versionCode="1"
5    android:versionName="1.0" >
6
7    <uses-sdk
8        android:minSdkVersion="21"
8-->src/main/AndroidManifest.xml
9        android:targetSdkVersion="28" />
9-->src/main/AndroidManifest.xml
10
11    <supports-screens
11-->src/main/AndroidManifest.xml:6:5-11:39
12        android:anyDensity="true"
12-->src/main/AndroidManifest.xml:7:9-34
13        android:largeScreens="true"
13-->src/main/AndroidManifest.xml:8:9-36
14        android:normalScreens="true"
14-->src/main/AndroidManifest.xml:9:9-37
15        android:resizeable="true"
15-->src/main/AndroidManifest.xml:10:9-34
16        android:smallScreens="true" />
16-->src/main/AndroidManifest.xml:11:9-36
17
18    <!-- Barcode(二维码)  begin -->
19    <uses-permission android:name="android.permission.CAMERA" />
19-->src/main/AndroidManifest.xml:14:5-65
19-->src/main/AndroidManifest.xml:14:22-62
20    <uses-permission android:name="android.permission.WRITE_EXTERNAL_STORAGE" />
20-->src/main/AndroidManifest.xml:15:5-81
20-->src/main/AndroidManifest.xml:15:22-78
21
22    <uses-feature android:name="android.hardware.camera" />
22-->src/main/AndroidManifest.xml:17:5-60
22-->src/main/AndroidManifest.xml:17:19-57
23    <uses-feature android:name="android.hardware.camera.autofocus" />
23-->src/main/AndroidManifest.xml:18:5-70
23-->src/main/AndroidManifest.xml:18:19-67
24
25    <uses-permission android:name="android.permission.VIBRATE" />
25-->src/main/AndroidManifest.xml:20:5-66
25-->src/main/AndroidManifest.xml:20:22-63
26    <uses-permission android:name="android.permission.FLASHLIGHT" />
26-->src/main/AndroidManifest.xml:21:5-69
26-->src/main/AndroidManifest.xml:21:22-66
27
28    <!-- 适配android 13 图片选择权限 -->
29    <uses-permission android:name="android.permission.READ_MEDIA_IMAGES" />
29-->[lib.5plus.base-release.aar] AndroidManifest.xml:17:5-76
29-->[lib.5plus.base-release.aar] AndroidManifest.xml:17:22-73
30    <uses-permission android:name="android.permission.READ_MEDIA_VIDEO" />
30-->[lib.5plus.base-release.aar] AndroidManifest.xml:18:5-75
30-->[lib.5plus.base-release.aar] AndroidManifest.xml:18:22-72
31    <uses-permission android:name="android.permission.INTERNET" />
31-->[lib.5plus.base-release.aar] AndroidManifest.xml:19:5-67
31-->[lib.5plus.base-release.aar] AndroidManifest.xml:19:22-64
32    <uses-permission android:name="android.permission.ACCESS_NETWORK_STATE" />
32-->[lib.5plus.base-release.aar] AndroidManifest.xml:20:5-79
32-->[lib.5plus.base-release.aar] AndroidManifest.xml:20:22-76
33    <!--
34    <uses-permission
35        android:name="com.android.launcher.permission.UNINSTALL_SHORTCUT" />
36    -->
37    <!-- 华为修改角标需要设置权限 -->
38    <uses-permission android:name="com.huawei.android.launcher.permission.CHANGE_BADGE" /> <!-- vivo 修改角标需要设置权限 -->
38-->[lib.5plus.base-release.aar] AndroidManifest.xml:26:5-91
38-->[lib.5plus.base-release.aar] AndroidManifest.xml:26:22-88
39    <uses-permission android:name="com.vivo.notification.permission.BADGE_ICON" />
39-->[lib.5plus.base-release.aar] AndroidManifest.xml:28:5-83
39-->[lib.5plus.base-release.aar] AndroidManifest.xml:28:22-80
40
41    <queries>
41-->[lib.5plus.base-release.aar] AndroidManifest.xml:30:5-39:15
42        <intent>
42-->[lib.5plus.base-release.aar] AndroidManifest.xml:31:9-33:18
43            <action android:name="android.intent.action.MAIN" />
43-->src/main/AndroidManifest.xml:52:17-68
43-->src/main/AndroidManifest.xml:52:25-66
44        </intent>
45        <intent>
45-->[lib.5plus.base-release.aar] AndroidManifest.xml:34:9-38:18
46            <action android:name="android.intent.action.VIEW" />
46-->src/main/AndroidManifest.xml:41:17-68
46-->src/main/AndroidManifest.xml:41:25-66
47
48            <category android:name="android.intent.category.DEFAULT" />
48-->src/main/AndroidManifest.xml:43:17-75
48-->src/main/AndroidManifest.xml:43:27-73
49        </intent>
50    </queries>
51
52    <uses-permission android:name="android.permission.READ_EXTERNAL_STORAGE" />
53    <uses-permission android:name="com.asus.msa.SupplementaryDID.ACCESS" />
53-->[oaid_sdk_1.0.25.aar] AndroidManifest.xml:13:5-76
53-->[oaid_sdk_1.0.25.aar] AndroidManifest.xml:13:22-73
54    <uses-permission android:name="freemme.permission.msa" /> <!-- Barcode(二维码)  end -->
54-->[oaid_sdk_1.0.25.aar] AndroidManifest.xml:15:5-62
54-->[oaid_sdk_1.0.25.aar] AndroidManifest.xml:15:22-59
55    <application
55-->src/main/AndroidManifest.xml:24:5-87:19
56        android:name="io.dcloud.application.DCloudApplication"
56-->src/main/AndroidManifest.xml:25:9-63
57        android:allowClearUserData="true"
57-->src/main/AndroidManifest.xml:26:9-42
58        android:appComponentFactory="androidx.core.app.CoreComponentFactory"
58-->[androidx.core:core:1.1.0] AndroidManifest.xml:24:18-86
59        android:debuggable="true"
60        android:extractNativeLibs="true"
60-->[uniapp-v8-release.aar] AndroidManifest.xml:29:18-50
61        android:icon="@drawable/icon"
61-->src/main/AndroidManifest.xml:27:9-38
62        android:label="@string/app_name"
62-->src/main/AndroidManifest.xml:28:9-41
63        android:largeHeap="true"
63-->src/main/AndroidManifest.xml:29:9-33
64        android:supportsRtl="true"
64-->src/main/AndroidManifest.xml:30:9-35
65        android:testOnly="true"
66        android:usesCleartextTraffic="true" >
66-->[lib.5plus.base-release.aar] AndroidManifest.xml:174:9-44
67
68        <!-- 应用入口 -->
69        <activity
69-->src/main/AndroidManifest.xml:33:9-55:20
70            android:name="io.dcloud.PandoraEntry"
70-->src/main/AndroidManifest.xml:34:13-50
71            android:configChanges="orientation|keyboardHidden|screenSize|mcc|mnc|fontScale"
71-->src/main/AndroidManifest.xml:36:13-92
72            android:hardwareAccelerated="true"
72-->src/main/AndroidManifest.xml:37:13-47
73            android:theme="@style/TranslucentTheme"
73-->src/main/AndroidManifest.xml:35:13-52
74            android:windowSoftInputMode="adjustResize" >
74-->src/main/AndroidManifest.xml:38:13-55
75            <intent-filter>
75-->src/main/AndroidManifest.xml:39:13-45:29
76                <data android:scheme="hbuilder" />
76-->src/main/AndroidManifest.xml:40:17-50
76-->src/main/AndroidManifest.xml:40:23-48
77
78                <action android:name="android.intent.action.VIEW" />
78-->src/main/AndroidManifest.xml:41:17-68
78-->src/main/AndroidManifest.xml:41:25-66
79
80                <category android:name="android.intent.category.DEFAULT" />
80-->src/main/AndroidManifest.xml:43:17-75
80-->src/main/AndroidManifest.xml:43:27-73
81                <category android:name="android.intent.category.BROWSABLE" />
81-->src/main/AndroidManifest.xml:44:17-77
81-->src/main/AndroidManifest.xml:44:27-75
82            </intent-filter>
83            <intent-filter>
83-->src/main/AndroidManifest.xml:46:13-50:29
84                <data android:mimeType="image/*" />
84-->src/main/AndroidManifest.xml:40:17-50
84-->src/main/AndroidManifest.xml:47:23-49
85
86                <action android:name="android.intent.action.SEND" />
86-->src/main/AndroidManifest.xml:48:17-68
86-->src/main/AndroidManifest.xml:48:25-66
87
88                <category android:name="android.intent.category.DEFAULT" />
88-->src/main/AndroidManifest.xml:43:17-75
88-->src/main/AndroidManifest.xml:43:27-73
89            </intent-filter>
90            <intent-filter>
90-->src/main/AndroidManifest.xml:51:13-54:29
91                <action android:name="android.intent.action.MAIN" />
91-->src/main/AndroidManifest.xml:52:17-68
91-->src/main/AndroidManifest.xml:52:25-66
92
93                <category android:name="android.intent.category.LAUNCHER" />
93-->src/main/AndroidManifest.xml:53:17-76
93-->src/main/AndroidManifest.xml:53:27-74
94            </intent-filter>
95        </activity>
96
97        <meta-data
97-->src/main/AndroidManifest.xml:56:9-57:35
98            android:name="dcloud_uninview_background"
98-->src/main/AndroidManifest.xml:56:20-61
99            android:value="true" />
99-->src/main/AndroidManifest.xml:57:13-33
100
101        <activity
101-->src/main/AndroidManifest.xml:59:9-83:20
102            android:name="io.dcloud.PandoraEntryActivity"
102-->src/main/AndroidManifest.xml:60:13-58
103            android:configChanges="orientation|keyboardHidden|screenSize|mcc|mnc|fontScale|keyboard|smallestScreenSize|screenLayout|screenSize|uiMode"
103-->src/main/AndroidManifest.xml:62:13-151
104            android:hardwareAccelerated="true"
104-->src/main/AndroidManifest.xml:63:13-47
105            android:launchMode="singleTask"
105-->src/main/AndroidManifest.xml:61:13-44
106            android:permission="com.miui.securitycenter.permission.AppPermissionsEditor"
106-->src/main/AndroidManifest.xml:64:13-89
107            android:screenOrientation="user"
107-->src/main/AndroidManifest.xml:65:13-45
108            android:theme="@style/DCloudTheme"
108-->src/main/AndroidManifest.xml:66:13-47
109            android:windowSoftInputMode="adjustResize" >
109-->src/main/AndroidManifest.xml:67:13-55
110            <intent-filter>
110-->src/main/AndroidManifest.xml:69:13-82:29
111                <category android:name="android.intent.category.DEFAULT" />
111-->src/main/AndroidManifest.xml:43:17-75
111-->src/main/AndroidManifest.xml:43:27-73
112                <category android:name="android.intent.category.BROWSABLE" />
112-->src/main/AndroidManifest.xml:44:17-77
112-->src/main/AndroidManifest.xml:44:27-75
113
114                <action android:name="android.intent.action.VIEW" />
114-->src/main/AndroidManifest.xml:41:17-68
114-->src/main/AndroidManifest.xml:41:25-66
115
116                <data android:scheme=" " />
116-->src/main/AndroidManifest.xml:40:17-50
116-->src/main/AndroidManifest.xml:40:23-48
117            </intent-filter>
118        </activity>
119
120        <meta-data
120-->src/main/AndroidManifest.xml:84:9-86:64
121            android:name="dcloud_appkey"
121-->src/main/AndroidManifest.xml:85:13-41
122            android:value="d86d974e6ab3eac1ca867863d7f46f71" />
122-->src/main/AndroidManifest.xml:86:13-61
123        <!--
124        <activity
125            android:name="io.dcloud.imagepick.CustomGalleryActivity"
126            android:noHistory="true"
127            android:exported="false"/>
128        -->
129        <activity
129-->[lib.5plus.base-release.aar] AndroidManifest.xml:183:9-189:58
130            android:name="io.dcloud.feature.nativeObj.photoview.PhotoActivity"
130-->[lib.5plus.base-release.aar] AndroidManifest.xml:184:13-79
131            android:configChanges="orientation|keyboardHidden"
131-->[lib.5plus.base-release.aar] AndroidManifest.xml:185:13-63
132            android:exported="false"
132-->[lib.5plus.base-release.aar] AndroidManifest.xml:186:13-37
133            android:noHistory="false"
133-->[lib.5plus.base-release.aar] AndroidManifest.xml:187:13-38
134            android:screenOrientation="behind"
134-->[lib.5plus.base-release.aar] AndroidManifest.xml:188:13-47
135            android:theme="@style/DeviceDefault.Light" />
135-->[lib.5plus.base-release.aar] AndroidManifest.xml:189:13-55
136        <activity
136-->[lib.5plus.base-release.aar] AndroidManifest.xml:190:9-199:58
137            android:name="io.dcloud.WebAppActivity"
137-->[lib.5plus.base-release.aar] AndroidManifest.xml:191:13-52
138            android:configChanges="orientation|keyboard|keyboardHidden|smallestScreenSize|screenLayout|screenSize|mcc|mnc|fontScale|navigation"
138-->[lib.5plus.base-release.aar] AndroidManifest.xml:192:13-144
139            android:hardwareAccelerated="true"
139-->[lib.5plus.base-release.aar] AndroidManifest.xml:193:13-47
140            android:icon="@drawable/dcloud_recent"
140-->[lib.5plus.base-release.aar] AndroidManifest.xml:194:13-51
141            android:label="@string/stream_my"
141-->[lib.5plus.base-release.aar] AndroidManifest.xml:195:13-46
142            android:launchMode="singleTask"
142-->[lib.5plus.base-release.aar] AndroidManifest.xml:196:13-44
143            android:screenOrientation="portrait"
143-->[lib.5plus.base-release.aar] AndroidManifest.xml:197:13-49
144            android:theme="@style/DCloudTheme"
144-->[lib.5plus.base-release.aar] AndroidManifest.xml:198:13-47
145            android:windowSoftInputMode="adjustResize" />
145-->[lib.5plus.base-release.aar] AndroidManifest.xml:199:13-55
146        <activity
146-->[lib.5plus.base-release.aar] AndroidManifest.xml:200:9-204:75
147            android:name="io.dcloud.ProcessMediator"
147-->[lib.5plus.base-release.aar] AndroidManifest.xml:201:13-53
148            android:excludeFromRecents="true"
148-->[lib.5plus.base-release.aar] AndroidManifest.xml:202:13-46
149            android:exported="false"
149-->[lib.5plus.base-release.aar] AndroidManifest.xml:203:13-37
150            android:theme="@android:style/Theme.Translucent.NoTitleBar" />
150-->[lib.5plus.base-release.aar] AndroidManifest.xml:204:13-72
151        <activity
151-->[lib.5plus.base-release.aar] AndroidManifest.xml:205:9-211:20
152            android:name="io.dcloud.WebviewActivity"
152-->[lib.5plus.base-release.aar] AndroidManifest.xml:206:13-53
153            android:exported="false"
153-->[lib.5plus.base-release.aar] AndroidManifest.xml:207:13-37
154            android:screenOrientation="portrait"
154-->[lib.5plus.base-release.aar] AndroidManifest.xml:208:13-49
155            android:theme="@style/ThemeNoTitleBar"
155-->[lib.5plus.base-release.aar] AndroidManifest.xml:209:13-51
156            android:windowSoftInputMode="adjustPan" >
156-->[lib.5plus.base-release.aar] AndroidManifest.xml:210:13-52
157        </activity> <!-- gallery******start -->
158        <activity
158-->[lib.5plus.base-release.aar] AndroidManifest.xml:214:9-219:63
159            android:name="com.dmcbig.mediapicker.PickerActivity"
159-->[lib.5plus.base-release.aar] AndroidManifest.xml:215:13-65
160            android:configChanges="orientation|screenSize"
160-->[lib.5plus.base-release.aar] AndroidManifest.xml:216:13-59
161            android:exported="false"
161-->[lib.5plus.base-release.aar] AndroidManifest.xml:217:13-37
162            android:theme="@style/DeviceDefault.Light"
162-->[lib.5plus.base-release.aar] AndroidManifest.xml:218:13-55
163            android:windowSoftInputMode="stateAlwaysHidden" />
163-->[lib.5plus.base-release.aar] AndroidManifest.xml:219:13-60
164        <activity
164-->[lib.5plus.base-release.aar] AndroidManifest.xml:220:9-225:63
165            android:name="com.dmcbig.mediapicker.PreviewActivity"
165-->[lib.5plus.base-release.aar] AndroidManifest.xml:221:13-66
166            android:configChanges="orientation|screenSize"
166-->[lib.5plus.base-release.aar] AndroidManifest.xml:222:13-59
167            android:exported="false"
167-->[lib.5plus.base-release.aar] AndroidManifest.xml:223:13-37
168            android:theme="@style/DeviceDefault.Light"
168-->[lib.5plus.base-release.aar] AndroidManifest.xml:224:13-55
169            android:windowSoftInputMode="stateAlwaysHidden" /> <!-- gallery******end -->
169-->[lib.5plus.base-release.aar] AndroidManifest.xml:225:13-60
170        <provider
170-->[lib.5plus.base-release.aar] AndroidManifest.xml:228:9-236:20
171            android:name="io.dcloud.common.util.DCloud_FileProvider"
171-->[lib.5plus.base-release.aar] AndroidManifest.xml:229:13-69
172            android:authorities="com.android.UniPlugin.dc.fileprovider"
172-->[lib.5plus.base-release.aar] AndroidManifest.xml:230:13-67
173            android:exported="false"
173-->[lib.5plus.base-release.aar] AndroidManifest.xml:231:13-37
174            android:grantUriPermissions="true" >
174-->[lib.5plus.base-release.aar] AndroidManifest.xml:232:13-47
175            <meta-data
175-->[lib.5plus.base-release.aar] AndroidManifest.xml:233:13-235:64
176                android:name="android.support.FILE_PROVIDER_PATHS"
176-->[lib.5plus.base-release.aar] AndroidManifest.xml:234:17-67
177                android:resource="@xml/dcloud_file_provider" />
177-->[lib.5plus.base-release.aar] AndroidManifest.xml:235:17-61
178        </provider>
179        <!--
180            <meta-data
181            android:name="DCLOUD_STREAMAPP_CHANNEL"
182            android:value="io.dcloud.%APPID%|%APPID%|" />
183        -->
184        <meta-data
184-->[lib.5plus.base-release.aar] AndroidManifest.xml:243:9-245:35
185            android:name="android.max_aspect"
185-->[lib.5plus.base-release.aar] AndroidManifest.xml:244:13-46
186            android:value="2.4" />
186-->[lib.5plus.base-release.aar] AndroidManifest.xml:245:13-32
187
188        <activity
188-->[lib.5plus.base-release.aar] AndroidManifest.xml:247:9-252:63
189            android:name="io.dcloud.feature.gallery.imageedit.IMGEditActivity"
189-->[lib.5plus.base-release.aar] AndroidManifest.xml:248:13-79
190            android:configChanges="orientation|keyboardHidden|screenSize"
190-->[lib.5plus.base-release.aar] AndroidManifest.xml:249:13-74
191            android:exported="false"
191-->[lib.5plus.base-release.aar] AndroidManifest.xml:250:13-37
192            android:theme="@style/ImageEditTheme"
192-->[lib.5plus.base-release.aar] AndroidManifest.xml:251:13-50
193            android:windowSoftInputMode="stateAlwaysHidden" /> <!-- 广告相关配置开始 -->
193-->[lib.5plus.base-release.aar] AndroidManifest.xml:252:13-60
194        <activity
194-->[lib.5plus.base-release.aar] AndroidManifest.xml:255:9-260:55
195            android:name="io.dcloud.sdk.activity.WebViewActivity"
195-->[lib.5plus.base-release.aar] AndroidManifest.xml:256:13-66
196            android:exported="false"
196-->[lib.5plus.base-release.aar] AndroidManifest.xml:257:13-37
197            android:screenOrientation="portrait"
197-->[lib.5plus.base-release.aar] AndroidManifest.xml:258:13-49
198            android:theme="@style/ThemeNoTitleBar"
198-->[lib.5plus.base-release.aar] AndroidManifest.xml:259:13-51
199            android:windowSoftInputMode="adjustPan" />
199-->[lib.5plus.base-release.aar] AndroidManifest.xml:260:13-52
200
201        <service
201-->[lib.5plus.base-release.aar] AndroidManifest.xml:262:9-265:72
202            android:name="io.dcloud.sdk.base.service.DownloadService"
202-->[lib.5plus.base-release.aar] AndroidManifest.xml:263:13-70
203            android:exported="false"
203-->[lib.5plus.base-release.aar] AndroidManifest.xml:264:13-37
204            android:permission="android.permission.BIND_JOB_SERVICE" />
204-->[lib.5plus.base-release.aar] AndroidManifest.xml:265:13-69
205
206        <provider
206-->[lib.5plus.base-release.aar] AndroidManifest.xml:267:9-275:20
207            android:name="io.dcloud.sdk.base.service.provider.DCloudAdFileProvider"
207-->[lib.5plus.base-release.aar] AndroidManifest.xml:268:13-84
208            android:authorities="com.android.UniPlugin.dc.fileprovider"
208-->[lib.5plus.base-release.aar] AndroidManifest.xml:269:13-67
209            android:exported="false"
209-->[lib.5plus.base-release.aar] AndroidManifest.xml:270:13-37
210            android:grantUriPermissions="true" >
210-->[lib.5plus.base-release.aar] AndroidManifest.xml:271:13-47
211            <meta-data
211-->[lib.5plus.base-release.aar] AndroidManifest.xml:233:13-235:64
212                android:name="android.support.FILE_PROVIDER_PATHS"
212-->[lib.5plus.base-release.aar] AndroidManifest.xml:234:17-67
213                android:resource="@xml/dcloud_gg_file_provider" />
213-->[lib.5plus.base-release.aar] AndroidManifest.xml:235:17-61
214        </provider>
215
216        <receiver
216-->[uniapp-v8-release.aar] AndroidManifest.xml:30:9-34:20
217            android:name="com.taobao.weex.WXGlobalEventReceiver"
217-->[uniapp-v8-release.aar] AndroidManifest.xml:31:13-65
218            android:enabled="true"
218-->[uniapp-v8-release.aar] AndroidManifest.xml:32:13-35
219            android:exported="false" >
219-->[uniapp-v8-release.aar] AndroidManifest.xml:33:13-37
220        </receiver>
221
222        <activity
222-->[:uniplugin_module] AndroidManifest.xml:12:9-14:84
223            android:name="io.dcloud.uniplugin.NativePageActivity"
223-->[:uniplugin_module] AndroidManifest.xml:13:13-66
224            android:theme="@android:style/Theme.DeviceDefault.Light.NoActionBar" />
224-->[:uniplugin_module] AndroidManifest.xml:14:13-81
225    </application>
226
227</manifest>